# JRE version: Java(TM) SE Runtime Environment (7.0_79-b15) (build 1.7.0_79-b15)
# Java VM: Java HotSpot(TM) 64-Bit Server VM (24.79-b02 mixed mode windows-amd64 compressed oops)
Heap
 PSYoungGen      total 390144K, used 165972K [0x00000007d5e80000, 0x00000007f0f80000, 0x0000000800000000)
  eden space 365568K, 45% used [0x00000007d5e80000,0x00000007e00951e0,0x00000007ec380000)
  from space 24576K, 0% used [0x00000007eda80000,0x00000007eda80000,0x00000007ef280000)
  to   space 29696K, 0% used [0x00000007ef280000,0x00000007ef280000,0x00000007f0f80000)
 ParOldGen       total 128000K, used 58599K [0x0000000781c00000, 0x0000000789900000, 0x00000007d5e80000)
  object space 128000K, 45% used [0x0000000781c00000,0x0000000785539fa0,0x0000000789900000)
 PSPermGen       total 45056K, used 45024K [0x000000077ca00000, 0x000000077f600000, 0x0000000781c00000)
  object space 45056K, 99% used [0x000000077ca00000,0x000000077f5f8080,0x000000077f600000)
GC Heap History (10 events):
Event: 19.591 GC heap before
{Heap before GC invocations=12 (full 0):
 PSYoungGen      total 438272K, used 438254K [0x00000007d5e80000, 0x00000007f1f00000, 0x0000000800000000)
  eden space 420864K, 100% used [0x00000007d5e80000,0x00000007ef980000,0x00000007ef980000)
  from space 17408K, 99% used [0x00000007ef980000,0x00000007f0a7bad0,0x00000007f0a80000)
  to   space 13824K, 0% used [0x00000007f0a80000,0x00000007f0a80000,0x00000007f1800000)
 ParOldGen       total 86016K, used 35775K [0x0000000781c00000, 0x0000000787000000, 0x00000007d5e80000)
  object space 86016K, 41% used [0x0000000781c00000,0x0000000783eeff80,0x0000000787000000)
 PSPermGen       total 40960K, used 40913K [0x000000077ca00000, 0x000000077f200000, 0x0000000781c00000)
  object space 40960K, 99% used [0x000000077ca00000,0x000000077f1f4408,0x000000077f200000)
Event: 19.617 GC heap after
Heap after GC invocations=12 (full 0):
 PSYoungGen      total 434688K, used 13805K [0x00000007d5e80000, 0x00000007f1f00000, 0x0000000800000000)
  eden space 420864K, 0% used [0x00000007d5e80000,0x00000007d5e80000,0x00000007ef980000)
  from space 13824K, 99% used [0x00000007f0a80000,0x00000007f17fb518,0x00000007f1800000)
  to   space 17408K, 0% used [0x00000007ef980000,0x00000007ef980000,0x00000007f0a80000)
 ParOldGen       total 86016K, used 61013K [0x0000000781c00000, 0x0000000787000000, 0x00000007d5e80000)
  object space 86016K, 70% used [0x0000000781c00000,0x0000000785795698,0x0000000787000000)
 PSPermGen       total 40960K, used 40913K [0x000000077ca00000, 0x000000077f200000, 0x0000000781c00000)
  object space 40960K, 99% used [0x000000077ca00000,0x000000077f1f4408,0x000000077f200000)
}
Event: 22.040 GC heap before
{Heap before GC invocations=13 (full 0):
 PSYoungGen      total 434688K, used 434669K [0x00000007d5e80000, 0x00000007f1f00000, 0x0000000800000000)
  eden space 420864K, 100% used [0x00000007d5e80000,0x00000007ef980000,0x00000007ef980000)
  from space 13824K, 99% used [0x00000007f0a80000,0x00000007f17fb518,0x00000007f1800000)
  to   space 17408K, 0% used [0x00000007ef980000,0x00000007ef980000,0x00000007f0a80000)
 ParOldGen       total 86016K, used 61013K [0x0000000781c00000, 0x0000000787000000, 0x00000007d5e80000)
  object space 86016K, 70% used [0x0000000781c00000,0x0000000785795698,0x0000000787000000)
 PSPermGen       total 41984K, used 41876K [0x000000077ca00000, 0x000000077f300000, 0x0000000781c00000)
  object space 41984K, 99% used [0x000000077ca00000,0x000000077f2e51d8,0x000000077f300000)
Event: 22.053 GC heap after
Heap after GC invocations=13 (full 0):
 PSYoungGen      total 418816K, used 17392K [0x00000007d5e80000, 0x00000007f2c80000, 0x0000000800000000)
  eden space 401408K, 0% used [0x00000007d5e80000,0x00000007d5e80000,0x00000007ee680000)
  from space 17408K, 99% used [0x00000007ef980000,0x00000007f0a7c350,0x00000007f0a80000)
  to   space 34816K, 0% used [0x00000007f0a80000,0x00000007f0a80000,0x00000007f2c80000)
 ParOldGen       total 86016K, used 65510K [0x0000000781c00000, 0x0000000787000000, 0x00000007d5e80000)
  object space 86016K, 76% used [0x0000000781c00000,0x0000000785bf9be0,0x0000000787000000)
 PSPermGen       total 41984K, used 41876K [0x000000077ca00000, 0x000000077f300000, 0x0000000781c00000)
  object space 41984K, 99% used [0x000000077ca00000,0x000000077f2e51d8,0x000000077f300000)
}
Event: 24.419 GC heap before
{Heap before GC invocations=14 (full 0):
 PSYoungGen      total 418816K, used 418800K [0x00000007d5e80000, 0x00000007f2c80000, 0x0000000800000000)
  eden space 401408K, 100% used [0x00000007d5e80000,0x00000007ee680000,0x00000007ee680000)
  from space 17408K, 99% used [0x00000007ef980000,0x00000007f0a7c350,0x00000007f0a80000)
  to   space 34816K, 0% used [0x00000007f0a80000,0x00000007f0a80000,0x00000007f2c80000)
 ParOldGen       total 86016K, used 65510K [0x0000000781c00000, 0x0000000787000000, 0x00000007d5e80000)
  object space 86016K, 76% used [0x0000000781c00000,0x0000000785bf9be0,0x0000000787000000)
 PSPermGen       total 43520K, used 43254K [0x000000077ca00000, 0x000000077f480000, 0x0000000781c00000)
  object space 43520K, 99% used [0x000000077ca00000,0x000000077f43db78,0x000000077f480000)
Event: 24.441 GC heap after
Heap after GC invocations=14 (full 0):
 PSYoungGen      total 409600K, used 26261K [0x00000007d5e80000, 0x00000007f2480000, 0x0000000800000000)
  eden space 382976K, 0% used [0x00000007d5e80000,0x00000007d5e80000,0x00000007ed480000)
  from space 26624K, 98% used [0x00000007f0a80000,0x00000007f2425480,0x00000007f2480000)
  to   space 37888K, 0% used [0x00000007eda80000,0x00000007eda80000,0x00000007eff80000)
 ParOldGen       total 86016K, used 68474K [0x0000000781c00000, 0x0000000787000000, 0x00000007d5e80000)
  object space 86016K, 79% used [0x0000000781c00000,0x0000000785edebf0,0x0000000787000000)
 PSPermGen       total 43520K, used 43254K [0x000000077ca00000, 0x000000077f480000, 0x0000000781c00000)
  object space 43520K, 99% used [0x000000077ca00000,0x000000077f43db78,0x000000077f480000)
}
Event: 26.195 GC heap before
{Heap before GC invocations=15 (full 0):
 PSYoungGen      total 409600K, used 409237K [0x00000007d5e80000, 0x00000007f2480000, 0x0000000800000000)
  eden space 382976K, 100% used [0x00000007d5e80000,0x00000007ed480000,0x00000007ed480000)
  from space 26624K, 98% used [0x00000007f0a80000,0x00000007f2425480,0x00000007f2480000)
  to   space 37888K, 0% used [0x00000007eda80000,0x00000007eda80000,0x00000007eff80000)
 ParOldGen       total 86016K, used 68474K [0x0000000781c00000, 0x0000000787000000, 0x00000007d5e80000)
  object space 86016K, 79% used [0x0000000781c00000,0x0000000785edebf0,0x0000000787000000)
 PSPermGen       total 44544K, used 44290K [0x000000077ca00000, 0x000000077f580000, 0x0000000781c00000)
  object space 44544K, 99% used [0x000000077ca00000,0x000000077f540ae8,0x000000077f580000)
Event: 26.212 GC heap after
Heap after GC invocations=15 (full 0):
 PSYoungGen      total 390144K, used 24262K [0x00000007d5e80000, 0x00000007f0f80000, 0x0000000800000000)
  eden space 365568K, 0% used [0x00000007d5e80000,0x00000007d5e80000,0x00000007ec380000)
  from space 24576K, 98% used [0x00000007eda80000,0x00000007ef2319e0,0x00000007ef280000)
  to   space 29696K, 0% used [0x00000007ef280000,0x00000007ef280000,0x00000007f0f80000)
 ParOldGen       total 86016K, used 72434K [0x0000000781c00000, 0x0000000787000000, 0x00000007d5e80000)
  object space 86016K, 84% used [0x0000000781c00000,0x00000007862bcae0,0x0000000787000000)
 PSPermGen       total 44544K, used 44290K [0x000000077ca00000, 0x000000077f580000, 0x0000000781c00000)
  object space 44544K, 99% used [0x000000077ca00000,0x000000077f540ae8,0x000000077f580000)
}
Event: 26.212 GC heap before
{Heap before GC invocations=16 (full 1):
 PSYoungGen      total 390144K, used 24262K [0x00000007d5e80000, 0x00000007f0f80000, 0x0000000800000000)
  eden space 365568K, 0% used [0x00000007d5e80000,0x00000007d5e80000,0x00000007ec380000)
  from space 24576K, 98% used [0x00000007eda80000,0x00000007ef2319e0,0x00000007ef280000)
  to   space 29696K, 0% used [0x00000007ef280000,0x00000007ef280000,0x00000007f0f80000)
 ParOldGen       total 86016K, used 72434K [0x0000000781c00000, 0x0000000787000000, 0x00000007d5e80000)
  object space 86016K, 84% used [0x0000000781c00000,0x00000007862bcae0,0x0000000787000000)
 PSPermGen       total 44544K, used 44290K [0x000000077ca00000, 0x000000077f580000, 0x0000000781c00000)
  object space 44544K, 99% used [0x000000077ca00000,0x000000077f540ae8,0x000000077f580000)
Event: 26.593 GC heap after
Heap after GC invocations=16 (full 1):
 PSYoungGen      total 390144K, used 0K [0x00000007d5e80000, 0x00000007f0f80000, 0x0000000800000000)
  eden space 365568K, 0% used [0x00000007d5e80000,0x00000007d5e80000,0x00000007ec380000)
  from space 24576K, 0% used [0x00000007eda80000,0x00000007eda80000,0x00000007ef280000)
  to   space 29696K, 0% used [0x00000007ef280000,0x00000007ef280000,0x00000007f0f80000)
 ParOldGen       total 128000K, used 58599K [0x0000000781c00000, 0x0000000789900000, 0x00000007d5e80000)
  object space 128000K, 45% used [0x0000000781c00000,0x0000000785539fa0,0x0000000789900000)
 PSPermGen       total 44544K, used 44269K [0x000000077ca00000, 0x000000077f580000, 0x0000000781c00000)
  object space 44544K, 99% used [0x000000077ca00000,0x000000077f53b438,0x000000077f580000)
}

